<?xml version="1.0" encoding="UTF-8"?>
<testng-results ignored="0" total="1" passed="1" failed="0" skipped="0">
  <reporter-output>
  </reporter-output>
  <suite started-at="2022-03-12T21:56:42 IST" name="Default suite" finished-at="2022-03-12T21:56:42 IST" duration-ms="126">
    <groups>
    </groups>
    <test started-at="2022-03-12T21:56:42 IST" name="Default test" finished-at="2022-03-12T21:56:42 IST" duration-ms="126">
      <class name="in.selenium.sample.sampleproject.sample">
        <test-method signature="testcase()[pri:0, instance:in.selenium.sample.sampleproject.sample@d5b810e]" started-at="2022-03-12T21:56:42 IST" name="testcase" finished-at="2022-03-12T21:56:42 IST" duration-ms="24" status="PASS">
          <reporter-output>
          </reporter-output>
        </test-method> <!-- testcase -->
      </class> <!-- in.selenium.sample.sampleproject.sample -->
    </test> <!-- Default test -->
  </suite> <!-- Default suite -->
</testng-results>
